<?xml version="1.0" encoding="UTF-8"?>
<!-- Generated by org.testng.reporters.JUnitReportReporter -->
<testsuite hostname="DESKTOP-ND980IB" failures="0" tests="3" name="stepDefinitionPack.StepDefinition" time="7.259" errors="0" timestamp="2024-10-27T23:08:19 IST" skipped="0">
  <testcase classname="stepDefinitionPack.StepDefinition" name="LeaveList" time="1.875"/>
  <system-out/>
  <testcase classname="stepDefinitionPack.StepDefinition" name="TimeSheet" time="3.576"/>
  <system-out/>
  <testcase classname="stepDefinitionPack.StepDefinition" name="AssignLeave" time="1.808"/>
  <system-out/>
</testsuite> <!-- stepDefinitionPack.StepDefinition -->
