<?xml version="1.0" encoding="UTF-8"?>
<!-- Generated by org.testng.reporters.JUnitReportReporter -->
<testsuite hostname="DESKTOP-ND980IB" failures="0" tests="3" name="PageClass.webSite" time="7.513" errors="0" timestamp="2024-10-27T23:10:48 IST" skipped="0">
  <testcase classname="PageClass.webSite" name="LeaveList" time="1.957"/>
  <system-out/>
  <testcase classname="PageClass.webSite" name="AssignLeave" time="2.183"/>
  <system-out/>
  <testcase classname="PageClass.webSite" name="TimeSheet" time="3.373"/>
  <system-out/>
</testsuite> <!-- PageClass.webSite -->
